<?xml version="1.0" encoding="UTF-8"?>
<!-- Generated by org.testng.reporters.JUnitXMLReporter -->
<testsuite ignored="0" hostname="DESKTOP-CH999P7" failures="0" tests="6" name="Test case" time="21.192" errors="0" timestamp="2023-08-17T23:00:28 IST">
  <testcase classname="build1.NGtest" name="highschool" time="0.007"/>
  <testcase classname="build1.NGtest" name="highersecondaryschool" time="0.002"/>
  <testcase classname="build1.NGtest" name="College" time="0.001"/>
  <testcase classname="build1.Openchromeandbing" name="openbing" time="3.648"/>
  <testcase classname="build1.Openchromeandbing" name="opengoogle" time="4.094"/>
  <testcase classname="build1.Openchromeandbing" name="openyahoo" time="13.341"/>
</testsuite> <!-- Test case -->
